Performing C SOURCE FILE Test CMAKE_HAVE_LIBC_PTHREAD failed with the following output:
Change Dir: E:/code/cpeject/test_mooc-clin/build-DME/CMakeFiles/CMakeScratch/TryCompile-ahz8y8

Run Build Command(s):D:/Program Files/Microsoft Visual Studio/2022/Community/MSBuild/Current/Bin/amd64/MSBuild.exe cmTC_7bfa7.vcxproj /p:Configuration=Debug /p:Platform=x64 /p:VisualStudioVersion=17.0 /v:m && 閫傜敤浜?.NET Framework MSBuild 鐗堟湰 17.14.23+b0019275e

  鐢ㄤ簬 x64 鐨?Microsoft (R) C/C++ 浼樺寲缂栬瘧鍣?19.44.35219 鐗?
  鐗堟潈鎵€鏈?C) Microsoft Corporation銆備繚鐣欐墍鏈夋潈鍒┿€?
  cl /c /Zi /W3 /WX- /diagnostics:column /Od /Ob0 /D _MBCS /D WIN32 /D _WINDOWS /D CMAKE_HAVE_LIBC_PTHREAD /D "CMAKE_INTDIR=\"Debug\"" /Gm- /RTC1 /MDd /GS /fp:precise /Zc:wchar_t /Zc:forScope /Zc:inline /Fo"cmTC_7bfa7.dir\Debug\\" /Fd"cmTC_7bfa7.dir\Debug\vc143.pdb" /external:W3 /Gd /TC /errorReport:queue "E:\code\cpeject\test_mooc-clin\build-DME\CMakeFiles\CMakeScratch\TryCompile-ahz8y8\src.c"
  src.c
E:\code\cpeject\test_mooc-clin\build-DME\CMakeFiles\CMakeScratch\TryCompile-ahz8y8\src.c(1,10): error C1083: 鏃犳硶鎵撳紑鍖呮嫭鏂囦欢: 鈥減thread.h鈥? No such file or directory [E:\code\cpeject\test_mooc-clin\build-DME\CMakeFiles\CMakeScratch\TryCompile-ahz8y8\cmTC_7bfa7.vcxproj]


Source file was:
#include <pthread.h>

static void* test_func(void* data)
{
  return data;
}

int main(void)
{
  pthread_t thread;
  pthread_create(&thread, NULL, test_func, NULL);
  pthread_detach(thread);
  pthread_cancel(thread);
  pthread_join(thread, NULL);
  pthread_atfork(NULL, NULL, NULL);
  pthread_exit(NULL);

  return 0;
}


Determining if the function pthread_create exists in the pthreads failed with the following output:
Change Dir: E:/code/cpeject/test_mooc-clin/build-DME/CMakeFiles/CMakeScratch/TryCompile-3n8mc1

Run Build Command(s):D:/Program Files/Microsoft Visual Studio/2022/Community/MSBuild/Current/Bin/amd64/MSBuild.exe cmTC_c8a6c.vcxproj /p:Configuration=Debug /p:Platform=x64 /p:VisualStudioVersion=17.0 /v:m && 閫傜敤浜?.NET Framework MSBuild 鐗堟湰 17.14.23+b0019275e

  鐢ㄤ簬 x64 鐨?Microsoft (R) C/C++ 浼樺寲缂栬瘧鍣?19.44.35219 鐗?
  鐗堟潈鎵€鏈?C) Microsoft Corporation銆備繚鐣欐墍鏈夋潈鍒┿€?
  cl /c /Zi /W3 /WX- /diagnostics:column /Od /Ob0 /D _MBCS /D WIN32 /D _WINDOWS /D CHECK_FUNCTION_EXISTS=pthread_create /D "CMAKE_INTDIR=\"Debug\"" /Gm- /RTC1 /MDd /GS /fp:precise /Zc:wchar_t /Zc:forScope /Zc:inline /Fo"cmTC_c8a6c.dir\Debug\\" /Fd"cmTC_c8a6c.dir\Debug\vc143.pdb" /external:W3 /Gd /TC /errorReport:queue "E:\code\cpeject\test_mooc-clin\build-DME\CMakeFiles\CMakeScratch\TryCompile-3n8mc1\CheckFunctionExists.c"
  CheckFunctionExists.c
LINK : fatal error LNK1104: 鏃犳硶鎵撳紑鏂囦欢鈥減threads.lib鈥?[E:\code\cpeject\test_mooc-clin\build-DME\CMakeFiles\CMakeScratch\TryCompile-3n8mc1\cmTC_c8a6c.vcxproj]



Determining if the function pthread_create exists in the pthread failed with the following output:
Change Dir: E:/code/cpeject/test_mooc-clin/build-DME/CMakeFiles/CMakeScratch/TryCompile-drx1di

Run Build Command(s):D:/Program Files/Microsoft Visual Studio/2022/Community/MSBuild/Current/Bin/amd64/MSBuild.exe cmTC_1b545.vcxproj /p:Configuration=Debug /p:Platform=x64 /p:VisualStudioVersion=17.0 /v:m && 閫傜敤浜?.NET Framework MSBuild 鐗堟湰 17.14.23+b0019275e

  鐢ㄤ簬 x64 鐨?Microsoft (R) C/C++ 浼樺寲缂栬瘧鍣?19.44.35219 鐗?
  鐗堟潈鎵€鏈?C) Microsoft Corporation銆備繚鐣欐墍鏈夋潈鍒┿€?
  cl /c /Zi /W3 /WX- /diagnostics:column /Od /Ob0 /D _MBCS /D WIN32 /D _WINDOWS /D CHECK_FUNCTION_EXISTS=pthread_create /D "CMAKE_INTDIR=\"Debug\"" /Gm- /RTC1 /MDd /GS /fp:precise /Zc:wchar_t /Zc:forScope /Zc:inline /Fo"cmTC_1b545.dir\Debug\\" /Fd"cmTC_1b545.dir\Debug\vc143.pdb" /external:W3 /Gd /TC /errorReport:queue "E:\code\cpeject\test_mooc-clin\build-DME\CMakeFiles\CMakeScratch\TryCompile-drx1di\CheckFunctionExists.c"
  CheckFunctionExists.c
LINK : fatal error LNK1104: 鏃犳硶鎵撳紑鏂囦欢鈥減thread.lib鈥?[E:\code\cpeject\test_mooc-clin\build-DME\CMakeFiles\CMakeScratch\TryCompile-drx1di\cmTC_1b545.vcxproj]



